Run Stats for experiment at: 05-18-2018 12:02:40
Run Stats for experiment at: 05-18-2018 12:03:03
Run Stats for experiment at: 05-18-2018 12:24:46
Run Stats for experiment at: 05-18-2018 12:26:03
10824.0
10840.0
11578.0
11071.0
10974.0
11027.0
10730.0
11448.0
12063.0
10772.0
11151.0
10691.0
9855.0
11682.0
11433.0
10940.0
11122.0
11790.0
11713.0
11202.0
11687.0
11942.0
11411.0
10477.0
10733.0
10854.0
11201.0
9930.0
10971.0
11200.0
11580.0
11151.0
11297.0
10931.0
10484.0
10890.0
11401.0
11392.0
10033.0
10715.0
10951.0
10905.0
11588.0
11675.0
11233.0
11117.0
10911.0
11388.0
10790.0
11295.0
10596.0
11004.0
11533.0
11440.0
11265.0
10926.0
11197.0
11753.0
11927.0
11295.0
10619.0
11217.0
11408.0
11276.0
10296.0
11226.0
11096.0
10482.0
11309.0
10787.0
11705.0
11371.0
10735.0
11139.0
11251.0
10923.0
10955.0
11182.0
11559.0
11157.0
11594.0
11008.0
11123.0
11311.0
10841.0
11141.0
10670.0
11221.0
11615.0
11913.0
10133.0
11733.0
11578.0
10970.0
11439.0
10467.0
11392.0
11387.0
11518.0
11110.0
Run Stats for experiment at: 05-23-2018 11:50:33
Run Stats for experiment at: 05-23-2018 11:51:37
0.0
Run Stats for experiment at: 05-23-2018 11:53:30
0.0
Run Stats for experiment at: 05-23-2018 11:54:45
0.0
Run Stats for experiment at: 05-23-2018 11:54:56
0.0
Run Stats for experiment at: 05-23-2018 11:56:54
0.0
Run Stats for experiment at: 05-23-2018 11:56:59
0.0
Run Stats for experiment at: 05-23-2018 11:57:02
0.0
Run Stats for experiment at: 05-23-2018 12:14:24
0.0
Run Stats for experiment at: 05-23-2018 12:19:01
0.0
Run Stats for experiment at: 05-23-2018 12:19:26
0.0
Run Stats for experiment at: 05-23-2018 12:20:01
Run Stats for experiment at: 05-23-2018 12:20:19
0.0
Run Stats for experiment at: 05-23-2018 12:21:04
0.0
Run Stats for experiment at: 05-23-2018 12:21:19
0.0
Run Stats for experiment at: 05-23-2018 12:21:26
0.0
Run Stats for experiment at: 05-23-2018 12:22:07
0.0
Run Stats for experiment at: 05-23-2018 12:22:19
0.0
Run Stats for experiment at: 05-23-2018 12:22:23
0.0
Run Stats for experiment at: 05-23-2018 14:13:34
0.0
Run Stats for experiment at: 05-23-2018 14:13:42
0.0
Run Stats for experiment at: 05-23-2018 15:28:00
Run Stats for experiment at: 05-23-2018 15:45:30
Run Stats for experiment at: 05-23-2018 16:04:09
Run Stats for experiment at: 05-23-2018 16:05:13
Run Stats for experiment at: 05-23-2018 16:05:21
Run Stats for experiment at: 05-23-2018 16:05:22
Run Stats for experiment at: 05-23-2018 16:05:49
Run Stats for experiment at: 05-23-2018 16:06:22
10808.0
Run Stats for experiment at: 05-23-2018 16:09:44
11745.0
Run Stats for experiment at: 05-23-2018 16:10:07
12018.0
12009.0
12078.0
12820.0
12099.0
12104.0
11709.0
11997.0
10728.0
12441.0
Run Stats for experiment at: 05-23-2018 16:23:14
10840.0
11051.0
11083.0
10874.0
11382.0
10839.0
11233.0
11278.0
11365.0
11525.0
Run Stats for experiment at: 05-23-2018 16:25:11
10434.0
10648.0
10271.0
11021.0
10636.0
11153.0
11084.0
10286.0
10877.0
11600.0
Run Stats for experiment at: 05-23-2018 17:06:30
10412.0
10837.0
11145.0
11375.0
11556.0
12082.0
11172.0
11369.0
11782.0
11076.0
Run Stats for experiment at: 05-23-2018 17:10:10
10940.0
10365.0
11255.0
10772.0
11241.0
11639.0
11360.0
10767.0
10174.0
Run Stats for experiment at: 05-23-2018 17:11:31
11044.0
Run Stats for experiment at: 05-23-2018 17:14:50
10805.0
Run Stats for experiment at: 05-23-2018 20:04:47
Run Stats for experiment at: 05-23-2018 20:12:09
0.0
0.0
0.0
0.0
0.0
0.0
0.0
0.0
0.0
0.0
Run Stats for experiment at: 05-23-2018 20:12:25
0.0
0.0
0.0
0.0
0.0
0.0
0.0
0.0
0.0
0.0
Run Stats for experiment at: 05-23-2018 20:21:46
0.0
0.0
0.0
0.0
0.0
0.0
0.0
0.0
0.0
0.0
Run Stats for experiment at: 05-23-2018 20:22:27
Run Stats for experiment at: 05-23-2018 20:24:46
Run Stats for experiment at: 05-23-2018 21:23:55
10409.0
Run Stats for experiment at: 05-23-2018 21:27:44
Run Stats for experiment at: 05-23-2018 21:33:43
Run Stats for experiment at: 05-23-2018 21:34:24
Run Stats for experiment at: 05-23-2018 21:47:50
Run Stats for experiment at: 05-23-2018 21:48:24
0.0
0.0
0.0
0.0
0.0
0.0
0.0
0.0
0.0
0.0
Run Stats for experiment at: 05-23-2018 21:49:47
11048.0
11150.0
10606.0
11221.0
11478.0
10338.0
10772.0
10908.0
11339.0
11013.0
Run Stats for experiment at: 05-23-2018 21:50:07
10665.0
11171.0
11601.0
10405.0
11146.0
11417.0
10347.0
12104.0
11431.0
10135.0
Run Stats for experiment at: 05-23-2018 21:53:10
10200.0
11483.0
11558.0
11236.0
10676.0
10678.0
11348.0
10610.0
11338.0
11187.0
Run Stats for experiment at: 05-23-2018 21:56:45
11173.0
11463.0
10727.0
10899.0
10743.0
11101.0
10830.0
11386.0
11062.0
11197.0
Run Stats for experiment at: 05-23-2018 21:57:31
11060.0
11126.0
11058.0
9120.0
11130.0
10659.0
11066.0
10522.0
10126.0
11107.0
Run Stats for experiment at: 05-23-2018 22:07:11
10617.0
11064.0
11169.0
12386.0
11111.0
11495.0
11172.0
11731.0
9845.0
11171.0
Run Stats for experiment at: 05-23-2018 22:07:49
10913.0
10438.0
11019.0
10615.0
11628.0
10616.0
11927.0
11523.0
10923.0
11295.0
Run Stats for experiment at: 05-23-2018 22:08:13
10443.0
11910.0
11032.0
10736.0
11770.0
10647.0
11189.0
11555.0
10937.0
10727.0
Run Stats for experiment at: 05-23-2018 22:10:50
10723.0
11086.0
10675.0
11581.0
10069.0
11151.0
12661.0
10684.0
10700.0
10844.0
Run Stats for experiment at: 05-23-2018 22:12:03
10429.0
11152.0
10653.0
11191.0
10586.0
11831.0
10999.0
10627.0
11040.0
10896.0
Run Stats for experiment at: 05-23-2018 22:15:59
10285.0
11219.0
10645.0
10529.0
10099.0
9873.0
10623.0
10551.0
10306.0
9996.0
Run Stats for experiment at: 05-24-2018 08:15:35
10535.0
10902.0
11124.0
10850.0
9771.0
10514.0
10892.0
10887.0
11008.0
10834.0
Run Stats for experiment at: 05-24-2018 08:24:11
10729.0
10129.0
10502.0
9880.0
10561.0
10399.0
11363.0
10640.0
10123.0
9864.0
Run Stats for experiment at: 05-24-2018 08:30:06
10118.0
10702.0
10641.0
10554.0
11245.0
10292.0
11493.0
10510.0
10831.0
10727.0
Run Stats for experiment at: 05-24-2018 08:30:28
10029.0
10397.0
10341.0
10499.0
10751.0
10535.0
10655.0
10997.0
9942.0
10897.0
10636.0
10693.0
11240.0
10221.0
10411.0
10989.0
10344.0
9698.0
10959.0
9940.0
10838.0
9699.0
10640.0
10103.0
10282.0
10685.0
10447.0
10501.0
10175.0
10345.0
10837.0
11381.0
10058.0
10539.0
10834.0
10153.0
10511.0
10569.0
10544.0
10472.0
10964.0
11223.0
10991.0
10232.0
10519.0
10917.0
11095.0
10524.0
10289.0
9592.0
10189.0
10657.0
11152.0
10961.0
10962.0
10807.0
10425.0
11003.0
10550.0
11337.0
10721.0
10716.0
11029.0
9874.0
10720.0
10945.0
10800.0
9980.0
10366.0
10534.0
9911.0
11060.0
10744.0
11059.0
11264.0
10367.0
11025.0
10844.0
10748.0
10786.0
10578.0
10212.0
9821.0
10068.0
10636.0
11040.0
9974.0
10190.0
10823.0
10742.0
10212.0
10635.0
10784.0
10754.0
10820.0
10082.0
11175.0
10888.0
10958.0
11501.0
Run Stats for experiment at: 05-24-2018 16:02:49
9610.0
10990.0
10428.0
10979.0
9963.0
10249.0
10626.0
10927.0
10529.0
11058.0
10786.0
10879.0
10815.0
10930.0
11036.0
10151.0
10698.0
10404.0
10648.0
11033.0
10314.0
10630.0
9844.0
10750.0
10396.0
11020.0
10130.0
10317.0
10856.0
10449.0
10442.0
10428.0
10457.0
10180.0
10247.0
10768.0
10682.0
11223.0
10704.0
10895.0
10777.0
10281.0
11097.0
10395.0
11084.0
10387.0
10215.0
10492.0
10157.0
10249.0
10707.0
9969.0
10809.0
10825.0
10548.0
10641.0
10936.0
10282.0
11167.0
10446.0
10844.0
10878.0
10717.0
11078.0
10580.0
10977.0
9760.0
10030.0
11168.0
9997.0
10658.0
10234.0
10226.0
10490.0
10671.0
10335.0
10787.0
10721.0
10902.0
10450.0
10764.0
10871.0
10997.0
10565.0
10330.0
11455.0
10306.0
10999.0
10420.0
10875.0
10190.0
10897.0
11216.0
9854.0
10981.0
10442.0
9733.0
10898.0
10612.0
10672.0
Run Stats for experiment at: 05-26-2018 16:25:30
9861.0
10045.0
10317.0
9875.0
9547.0
9860.0
10289.0
10506.0
10024.0
10236.0
10171.0
9616.0
10357.0
10128.0
10233.0
9440.0
9741.0
10053.0
10473.0
10431.0
10012.0
10370.0
9714.0
9680.0
10012.0
10516.0
10307.0
9808.0
10043.0
10214.0
10335.0
9972.0
10112.0
10472.0
9645.0
10168.0
10362.0
9897.0
9829.0
10516.0
9675.0
10552.0
10220.0
10217.0
10368.0
10579.0
10496.0
10316.0
10594.0
9938.0
9386.0
9825.0
9480.0
10041.0
10336.0
9897.0
10359.0
10305.0
10257.0
10104.0
10405.0
10463.0
10215.0
10514.0
10450.0
10413.0
10406.0
10434.0
10299.0
9665.0
10290.0
10129.0
10395.0
10085.0
10212.0
10086.0
10097.0
9859.0
10238.0
10172.0
10293.0
10224.0
9899.0
9497.0
10633.0
9659.0
10220.0
9764.0
10307.0
10598.0
10499.0
10286.0
9825.0
9843.0
10355.0
10046.0
10177.0
10217.0
9901.0
9805.0
Run Stats for experiment at: 05-26-2018 18:30:14
10680.0
10375.0
10684.0
10611.0
10629.0
11473.0
10169.0
11090.0
10528.0
10766.0
10538.0
10522.0
10824.0
10438.0
10347.0
10636.0
10129.0
10719.0
10993.0
10034.0
10754.0
9486.0
10113.0
10573.0
11237.0
10183.0
10332.0
10654.0
10602.0
11085.0
9687.0
10925.0
9993.0
10952.0
10653.0
10542.0
10801.0
10740.0
10585.0
10344.0
11266.0
10055.0
10644.0
10454.0
9603.0
10789.0
10559.0
10825.0
9903.0
10900.0
10514.0
10612.0
10717.0
10635.0
11324.0
10225.0
10905.0
10682.0
9661.0
10085.0
10411.0
10587.0
10967.0
10195.0
10558.0
10323.0
10631.0
10741.0
10837.0
10661.0
10753.0
10441.0
9398.0
10541.0
10707.0
10431.0
10468.0
10614.0
10547.0
11161.0
11192.0
10730.0
10244.0
10390.0
10705.0
11136.0
10432.0
10209.0
10548.0
10853.0
10677.0
10317.0
10307.0
11327.0
10110.0
10684.0
10068.0
11279.0
10112.0
10597.0
Run Stats for experiment at: 05-26-2018 18:31:16
11115.0
10951.0
10771.0
10732.0
10749.0
10179.0
10736.0
10201.0
10469.0
10122.0
10844.0
10171.0
10338.0
11281.0
10975.0
10631.0
11079.0
10422.0
10047.0
10712.0
10721.0
10065.0
10318.0
10335.0
11045.0
10837.0
11281.0
11003.0
10096.0
10992.0
10518.0
10338.0
10863.0
10581.0
10462.0
10640.0
11045.0
10861.0
10103.0
10960.0
10342.0
10766.0
10307.0
11188.0
10981.0
11207.0
10530.0
10987.0
10511.0
9948.0
10383.0
10773.0
10634.0
11299.0
11035.0
10789.0
9707.0
10751.0
9522.0
10368.0
11159.0
10817.0
10893.0
10371.0
11256.0
10152.0
9935.0
10653.0
10563.0
10486.0
10874.0
10758.0
10438.0
10482.0
10692.0
10978.0
10831.0
11094.0
10720.0
9814.0
10728.0
10922.0
10784.0
10908.0
10244.0
10032.0
10126.0
10917.0
10691.0
11020.0
10594.0
10638.0
10695.0
10508.0
10607.0
10805.0
10362.0
10743.0
10779.0
10674.0
Run Stats for experiment at: 05-27-2018 08:54:47
Run Stats for experiment at: 05-27-2018 08:56:43
Run Stats for experiment at: 05-27-2018 08:58:36
10528.0
10706.0
10009.0
10532.0
11057.0
10953.0
10858.0
10667.0
10959.0
10243.0
10378.0
10471.0
10563.0
10487.0
10618.0
10884.0
11023.0
10196.0
11087.0
10522.0
10844.0
10366.0
10638.0
9959.0
10831.0
11069.0
9911.0
10685.0
11034.0
10468.0
10853.0
10218.0
10384.0
9659.0
10729.0
10334.0
10165.0
10914.0
10983.0
10065.0
10908.0
10672.0
10701.0
10657.0
11205.0
10634.0
10748.0
10210.0
10538.0
10951.0
10555.0
10769.0
10448.0
10506.0
10863.0
10488.0
10839.0
11237.0
10831.0
9206.0
9915.0
11004.0
10399.0
11125.0
10817.0
11220.0
10520.0
10994.0
10721.0
10706.0
11111.0
10637.0
10346.0
9903.0
11224.0
10354.0
10252.0
10968.0
10549.0
10999.0
9713.0
10548.0
10792.0
10052.0
10984.0
9679.0
10433.0
10083.0
10303.0
10729.0
10262.0
11132.0
10535.0
11013.0
10516.0
10499.0
10696.0
11085.0
10271.0
9491.0
Run Stats for experiment at: 05-27-2018 09:04:47
10115.0
Run Stats for experiment at: 05-27-2018 09:07:29
10357.0
Run Stats for experiment at: 05-27-2018 09:21:15
9992.0
Run Stats for experiment at: 05-27-2018 09:23:14
10942.0
Run Stats for experiment at: 05-27-2018 09:29:28
Run Stats for experiment at: 05-27-2018 09:36:35
10628.0
Run Stats for experiment at: 05-27-2018 09:38:34
10949.0
Run Stats for experiment at: 05-27-2018 09:39:29
10978.0
Run Stats for experiment at: 05-27-2018 09:52:03
9964.0
Run Stats for experiment at: 05-27-2018 09:55:48
10228.0
Run Stats for experiment at: 05-27-2018 09:57:23
10495.0
Run Stats for experiment at: 05-27-2018 09:57:49
10241.0
Run Stats for experiment at: 05-27-2018 09:57:51
9552.0
Run Stats for experiment at: 05-27-2018 09:58:20
10843.0
Run Stats for experiment at: 05-27-2018 09:58:56
10586.0
Run Stats for experiment at: 05-27-2018 09:59:29
11016.0
Run Stats for experiment at: 05-27-2018 12:18:07
10587.0
Run Stats for experiment at: 05-27-2018 13:44:49
10570.0
Run Stats for experiment at: 05-27-2018 15:20:34
Run Stats for experiment at: 05-27-2018 15:24:44
Run Stats for experiment at: 05-27-2018 15:24:46
Run Stats for experiment at: 05-27-2018 15:26:20
Run Stats for experiment at: 05-27-2018 15:26:52
Run Stats for experiment at: 05-27-2018 15:29:31
Run Stats for experiment at: 05-27-2018 15:29:45
Run Stats for experiment at: 05-27-2018 15:29:54
Run Stats for experiment at: 05-27-2018 15:31:22
Run Stats for experiment at: 05-27-2018 15:34:31
10079.0
Run Stats for experiment at: 05-27-2018 15:36:28
10432.0
Run Stats for experiment at: 05-27-2018 15:37:16
9832.0
10235.0
10418.0
10568.0
10079.0
10129.0
10238.0
10743.0
10490.0
10699.0
10800.0
10220.0
10219.0
9925.0
9158.0
10164.0
10295.0
10093.0
10760.0
10375.0
10297.0
10148.0
10415.0
10552.0
10273.0
10088.0
10272.0
10204.0
9633.0
10288.0
10260.0
10523.0
10407.0
10502.0
9945.0
10540.0
10041.0
10680.0
10038.0
10035.0
10636.0
10543.0
10765.0
10252.0
10418.0
10878.0
10185.0
10335.0
10538.0
10342.0
10437.0
10300.0
10526.0
10685.0
9319.0
10553.0
10181.0
10446.0
10360.0
10618.0
10307.0
10307.0
10191.0
10160.0
10536.0
10610.0
10642.0
10312.0
10444.0
9870.0
9997.0
10507.0
10179.0
10406.0
10579.0
10056.0
10608.0
10599.0
10289.0
10210.0
10125.0
10262.0
10363.0
10356.0
10244.0
10060.0
10324.0
10419.0
10036.0
10362.0
10380.0
9213.0
10049.0
10451.0
10273.0
10057.0
10628.0
10225.0
10905.0
10198.0
Run Stats for experiment at: 05-27-2018 16:04:09
10453.0
10616.0
10855.0
11188.0
10796.0
10808.0
10979.0
10482.0
11064.0
10833.0
10184.0
10402.0
10632.0
10110.0
10298.0
11020.0
11081.0
11128.0
10142.0
10636.0
10544.0
10434.0
11030.0
9713.0
10360.0
10878.0
10734.0
10615.0
11398.0
10517.0
11250.0
10867.0
10662.0
10535.0
10836.0
10835.0
10874.0
10369.0
10769.0
10553.0
10765.0
10183.0
10728.0
10710.0
11175.0
10653.0
10413.0
10967.0
10663.0
10987.0
10648.0
10428.0
10709.0
10689.0
10923.0
10373.0
10853.0
10522.0
10884.0
10194.0
10905.0
10636.0
10508.0
10224.0
10448.0
11047.0
10652.0
11055.0
10495.0
10753.0
11110.0
10258.0
10827.0
10510.0
10531.0
10644.0
10676.0
11049.0
11021.0
11293.0
10407.0
11192.0
10637.0
10426.0
10037.0
10944.0
10379.0
11304.0
10564.0
11047.0
11053.0
10652.0
10685.0
10952.0
10675.0
10233.0
10343.0
10277.0
10793.0
10291.0
Run Stats for experiment at: 05-27-2018 16:16:38
11213.0
11322.0
10872.0
11128.0
10381.0
11074.0
10864.0
11132.0
10369.0
11338.0
10130.0
10558.0
11272.0
10913.0
11029.0
11022.0
11497.0
10794.0
10322.0
10248.0
10934.0
10731.0
10156.0
10644.0
11341.0
10298.0
10721.0
10843.0
10279.0
11088.0
10810.0
10249.0
11385.0
10356.0
10578.0
11083.0
10392.0
11117.0
10634.0
11056.0
11152.0
10414.0
10871.0
10920.0
10769.0
10194.0
10767.0
10232.0
11220.0
10962.0
9767.0
11155.0
10635.0
10586.0
10996.0
10870.0
11482.0
10893.0
10902.0
10384.0
Run Stats for experiment at: 05-27-2018 16:24:43
11051.0
10448.0
10695.0
10876.0
10605.0
10959.0
10083.0
10708.0
10589.0
10998.0
9937.0
10387.0
10786.0
10878.0
10478.0
10524.0
10886.0
10346.0
10967.0
10394.0
10004.0
10877.0
10627.0
Run Stats for experiment at: 05-27-2018 16:32:50
10020.0
10627.0
10427.0
10722.0
10751.0
11003.0
11126.0
10337.0
10809.0
10213.0
11007.0
10318.0
10442.0
10823.0
10922.0
10640.0
11198.0
10681.0
10596.0
10543.0
9933.0
10968.0
10714.0
11029.0
10954.0
11257.0
11193.0
Run Stats for experiment at: 05-27-2018 16:34:14
10415.0
11194.0
11030.0
10680.0
10747.0
10428.0
10681.0
10587.0
10881.0
10351.0
11102.0
10586.0
10840.0
10043.0
10387.0
10474.0
10086.0
10786.0
10526.0
10504.0
10730.0
11130.0
11145.0
10233.0
10334.0
10718.0
10554.0
11186.0
10968.0
9817.0
10723.0
10622.0
